# JRE version: Java(TM) SE Runtime Environment (8.0_172-b11) (build 1.8.0_172-b11)
# Java VM: Java HotSpot(TM) 64-Bit Server VM (25.172-b11 mixed mode windows-amd64 compressed oops)
Heap:
 PSYoungGen      total 29184K, used 6610K [0x00000000d5d80000, 0x00000000d8500000, 0x0000000100000000)
  eden space 18432K, 27% used [0x00000000d5d80000,0x00000000d62884d8,0x00000000d6f80000)
  from space 10752K, 13% used [0x00000000d6f80000,0x00000000d70ec518,0x00000000d7a00000)
  to   space 10240K, 0% used [0x00000000d7b00000,0x00000000d7b00000,0x00000000d8500000)
 ParOldGen       total 44032K, used 26022K [0x0000000081800000, 0x0000000084300000, 0x00000000d5d80000)
  object space 44032K, 59% used [0x0000000081800000,0x0000000083169908,0x0000000084300000)
 Metaspace       used 9944K, capacity 10302K, committed 10624K, reserved 1058816K
  class space    used 1057K, capacity 1074K, committed 1152K, reserved 1048576K
GC Heap History (10 events):
Event: 1.983 GC heap before
{Heap before GC invocations=17 (full 3):
 PSYoungGen      total 20992K, used 20831K [0x00000000d5d80000, 0x00000000d7b00000, 0x0000000100000000)
  eden space 15360K, 100% used [0x00000000d5d80000,0x00000000d6c80000,0x00000000d6c80000)
  from space 5632K, 97% used [0x00000000d6c80000,0x00000000d71d7c28,0x00000000d7200000)
  to   space 6144K, 0% used [0x00000000d7500000,0x00000000d7500000,0x00000000d7b00000)
 ParOldGen       total 23552K, used 12433K [0x0000000081800000, 0x0000000082f00000, 0x00000000d5d80000)
  object space 23552K, 52% used [0x0000000081800000,0x00000000824247c0,0x0000000082f00000)
 Metaspace       used 7797K, capacity 8564K, committed 8704K, reserved 1056768K
  class space    used 913K, capacity 944K, committed 1024K, reserved 1048576K
Event: 1.990 GC heap after
Heap after GC invocations=17 (full 3):
 PSYoungGen      total 22016K, used 6122K [0x00000000d5d80000, 0x00000000d7f00000, 0x0000000100000000)
  eden space 15872K, 0% used [0x00000000d5d80000,0x00000000d5d80000,0x00000000d6d00000)
  from space 6144K, 99% used [0x00000000d7500000,0x00000000d7afaa20,0x00000000d7b00000)
  to   space 8192K, 0% used [0x00000000d6d00000,0x00000000d6d00000,0x00000000d7500000)
 ParOldGen       total 23552K, used 15246K [0x0000000081800000, 0x0000000082f00000, 0x00000000d5d80000)
  object space 23552K, 64% used [0x0000000081800000,0x00000000826e3950,0x0000000082f00000)
 Metaspace       used 7797K, capacity 8564K, committed 8704K, reserved 1056768K
  class space    used 913K, capacity 944K, committed 1024K, reserved 1048576K
}
Event: 2.132 GC heap before
{Heap before GC invocations=18 (full 3):
 PSYoungGen      total 22016K, used 21994K [0x00000000d5d80000, 0x00000000d7f00000, 0x0000000100000000)
  eden space 15872K, 100% used [0x00000000d5d80000,0x00000000d6d00000,0x00000000d6d00000)
  from space 6144K, 99% used [0x00000000d7500000,0x00000000d7afaa20,0x00000000d7b00000)
  to   space 8192K, 0% used [0x00000000d6d00000,0x00000000d6d00000,0x00000000d7500000)
 ParOldGen       total 23552K, used 15246K [0x0000000081800000, 0x0000000082f00000, 0x00000000d5d80000)
  object space 23552K, 64% used [0x0000000081800000,0x00000000826e3950,0x0000000082f00000)
 Metaspace       used 7994K, capacity 8756K, committed 8960K, reserved 1056768K
  class space    used 917K, capacity 944K, committed 1024K, reserved 1048576K
Event: 2.139 GC heap after
Heap after GC invocations=18 (full 3):
 PSYoungGen      total 24064K, used 8176K [0x00000000d5d80000, 0x00000000d8480000, 0x0000000100000000)
  eden space 15872K, 0% used [0x00000000d5d80000,0x00000000d5d80000,0x00000000d6d00000)
  from space 8192K, 99% used [0x00000000d6d00000,0x00000000d74fc018,0x00000000d7500000)
  to   space 10752K, 0% used [0x00000000d7a00000,0x00000000d7a00000,0x00000000d8480000)
 ParOldGen       total 23552K, used 18488K [0x0000000081800000, 0x0000000082f00000, 0x00000000d5d80000)
  object space 23552K, 78% used [0x0000000081800000,0x0000000082a0e3c0,0x0000000082f00000)
 Metaspace       used 7994K, capacity 8756K, committed 8960K, reserved 1056768K
  class space    used 917K, capacity 944K, committed 1024K, reserved 1048576K
}
Event: 2.987 GC heap before
{Heap before GC invocations=19 (full 3):
 PSYoungGen      total 24064K, used 24048K [0x00000000d5d80000, 0x00000000d8480000, 0x0000000100000000)
  eden space 15872K, 100% used [0x00000000d5d80000,0x00000000d6d00000,0x00000000d6d00000)
  from space 8192K, 99% used [0x00000000d6d00000,0x00000000d74fc018,0x00000000d7500000)
  to   space 10752K, 0% used [0x00000000d7a00000,0x00000000d7a00000,0x00000000d8480000)
 ParOldGen       total 23552K, used 18488K [0x0000000081800000, 0x0000000082f00000, 0x00000000d5d80000)
  object space 23552K, 78% used [0x0000000081800000,0x0000000082a0e3c0,0x0000000082f00000)
 Metaspace       used 9237K, capacity 9662K, committed 9856K, reserved 1058816K
  class space    used 1038K, capacity 1074K, committed 1152K, reserved 1048576K
Event: 2.992 GC heap after
Heap after GC invocations=19 (full 3):
 PSYoungGen      total 29184K, used 1612K [0x00000000d5d80000, 0x00000000d8480000, 0x0000000100000000)
  eden space 18432K, 0% used [0x00000000d5d80000,0x00000000d5d80000,0x00000000d6f80000)
  from space 10752K, 14% used [0x00000000d7a00000,0x00000000d7b93090,0x00000000d8480000)
  to   space 10752K, 0% used [0x00000000d6f80000,0x00000000d6f80000,0x00000000d7a00000)
 ParOldGen       total 27136K, used 26743K [0x0000000081800000, 0x0000000083280000, 0x00000000d5d80000)
  object space 27136K, 98% used [0x0000000081800000,0x000000008321dea8,0x0000000083280000)
 Metaspace       used 9237K, capacity 9662K, committed 9856K, reserved 1058816K
  class space    used 1038K, capacity 1074K, committed 1152K, reserved 1048576K
}
Event: 2.992 GC heap before
{Heap before GC invocations=20 (full 4):
 PSYoungGen      total 29184K, used 1612K [0x00000000d5d80000, 0x00000000d8480000, 0x0000000100000000)
  eden space 18432K, 0% used [0x00000000d5d80000,0x00000000d5d80000,0x00000000d6f80000)
  from space 10752K, 14% used [0x00000000d7a00000,0x00000000d7b93090,0x00000000d8480000)
  to   space 10752K, 0% used [0x00000000d6f80000,0x00000000d6f80000,0x00000000d7a00000)
 ParOldGen       total 27136K, used 26743K [0x0000000081800000, 0x0000000083280000, 0x00000000d5d80000)
  object space 27136K, 98% used [0x0000000081800000,0x000000008321dea8,0x0000000083280000)
 Metaspace       used 9237K, capacity 9662K, committed 9856K, reserved 1058816K
  class space    used 1038K, capacity 1074K, committed 1152K, reserved 1048576K
Event: 3.103 GC heap after
Heap after GC invocations=20 (full 4):
 PSYoungGen      total 29184K, used 0K [0x00000000d5d80000, 0x00000000d8480000, 0x0000000100000000)
  eden space 18432K, 0% used [0x00000000d5d80000,0x00000000d5d80000,0x00000000d6f80000)
  from space 10752K, 0% used [0x00000000d7a00000,0x00000000d7a00000,0x00000000d8480000)
  to   space 10752K, 0% used [0x00000000d6f80000,0x00000000d6f80000,0x00000000d7a00000)
 ParOldGen       total 44032K, used 26014K [0x0000000081800000, 0x0000000084300000, 0x00000000d5d80000)
  object space 44032K, 59% used [0x0000000081800000,0x0000000083167908,0x0000000084300000)
 Metaspace       used 9237K, capacity 9662K, committed 9856K, reserved 1058816K
  class space    used 1038K, capacity 1074K, committed 1152K, reserved 1048576K
}
Event: 4.138 GC heap before
{Heap before GC invocations=21 (full 4):
 PSYoungGen      total 29184K, used 18432K [0x00000000d5d80000, 0x00000000d8480000, 0x0000000100000000)
  eden space 18432K, 100% used [0x00000000d5d80000,0x00000000d6f80000,0x00000000d6f80000)
  from space 10752K, 0% used [0x00000000d7a00000,0x00000000d7a00000,0x00000000d8480000)
  to   space 10752K, 0% used [0x00000000d6f80000,0x00000000d6f80000,0x00000000d7a00000)
 ParOldGen       total 44032K, used 26014K [0x0000000081800000, 0x0000000084300000, 0x00000000d5d80000)
  object space 44032K, 59% used [0x0000000081800000,0x0000000083167908,0x0000000084300000)
 Metaspace       used 9761K, capacity 10110K, committed 10368K, reserved 1058816K
  class space    used 1056K, capacity 1074K, committed 1152K, reserved 1048576K
Event: 4.140 GC heap after
Heap after GC invocations=21 (full 4):
 PSYoungGen      total 29184K, used 1457K [0x00000000d5d80000, 0x00000000d8500000, 0x0000000100000000)
  eden space 18432K, 0% used [0x00000000d5d80000,0x00000000d5d80000,0x00000000d6f80000)
  from space 10752K, 13% used [0x00000000d6f80000,0x00000000d70ec518,0x00000000d7a00000)
  to   space 10240K, 0% used [0x00000000d7b00000,0x00000000d7b00000,0x00000000d8500000)
 ParOldGen       total 44032K, used 26022K [0x0000000081800000, 0x0000000084300000, 0x00000000d5d80000)
  object space 44032K, 59% used [0x0000000081800000,0x0000000083169908,0x0000000084300000)
 Metaspace       used 9761K, capacity 10110K, committed 10368K, reserved 1058816K
  class space    used 1056K, capacity 1074K, committed 1152K, reserved 1048576K
}

