# JRE version: Java(TM) SE Runtime Environment (8.0_172-b11) (build 1.8.0_172-b11)
# Java VM: Java HotSpot(TM) 64-Bit Server VM (25.172-b11 mixed mode windows-amd64 compressed oops)
Heap:
 PSYoungGen      total 6656K, used 5623K [0x00000000d5d80000, 0x00000000d6480000, 0x0000000100000000)
  eden space 6144K, 91% used [0x00000000d5d80000,0x00000000d62fddd0,0x00000000d6380000)
  from space 512K, 0% used [0x00000000d6380000,0x00000000d6380000,0x00000000d6400000)
  to   space 512K, 0% used [0x00000000d6400000,0x00000000d6400000,0x00000000d6480000)
 ParOldGen       total 5632K, used 5561K [0x0000000081800000, 0x0000000081d80000, 0x00000000d5d80000)
  object space 5632K, 98% used [0x0000000081800000,0x0000000081d6e5d8,0x0000000081d80000)
 Metaspace       used 7346K, capacity 8244K, committed 8448K, reserved 1056768K
  class space    used 890K, capacity 944K, committed 1024K, reserved 1048576K
GC Heap History (10 events):
Event: 0.669 GC heap after
Heap after GC invocations=5 (full 0):
 PSYoungGen      total 6656K, used 496K [0x00000000d5d80000, 0x00000000d6480000, 0x0000000100000000)
  eden space 6144K, 0% used [0x00000000d5d80000,0x00000000d5d80000,0x00000000d6380000)
  from space 512K, 96% used [0x00000000d6380000,0x00000000d63fc010,0x00000000d6400000)
  to   space 512K, 0% used [0x00000000d6400000,0x00000000d6400000,0x00000000d6480000)
 ParOldGen       total 5632K, used 4720K [0x0000000081800000, 0x0000000081d80000, 0x00000000d5d80000)
  object space 5632K, 83% used [0x0000000081800000,0x0000000081c9c210,0x0000000081d80000)
 Metaspace       used 7290K, capacity 8148K, committed 8448K, reserved 1056768K
  class space    used 882K, capacity 912K, committed 1024K, reserved 1048576K
}
Event: 0.669 GC heap before
{Heap before GC invocations=6 (full 1):
 PSYoungGen      total 6656K, used 496K [0x00000000d5d80000, 0x00000000d6480000, 0x0000000100000000)
  eden space 6144K, 0% used [0x00000000d5d80000,0x00000000d5d80000,0x00000000d6380000)
  from space 512K, 96% used [0x00000000d6380000,0x00000000d63fc010,0x00000000d6400000)
  to   space 512K, 0% used [0x00000000d6400000,0x00000000d6400000,0x00000000d6480000)
 ParOldGen       total 5632K, used 4720K [0x0000000081800000, 0x0000000081d80000, 0x00000000d5d80000)
  object space 5632K, 83% used [0x0000000081800000,0x0000000081c9c210,0x0000000081d80000)
 Metaspace       used 7290K, capacity 8148K, committed 8448K, reserved 1056768K
  class space    used 882K, capacity 912K, committed 1024K, reserved 1048576K
Event: 0.680 GC heap after
Heap after GC invocations=6 (full 1):
 PSYoungGen      total 6656K, used 0K [0x00000000d5d80000, 0x00000000d6480000, 0x0000000100000000)
  eden space 6144K, 0% used [0x00000000d5d80000,0x00000000d5d80000,0x00000000d6380000)
  from space 512K, 0% used [0x00000000d6380000,0x00000000d6380000,0x00000000d6400000)
  to   space 512K, 0% used [0x00000000d6400000,0x00000000d6400000,0x00000000d6480000)
 ParOldGen       total 5632K, used 3914K [0x0000000081800000, 0x0000000081d80000, 0x00000000d5d80000)
  object space 5632K, 69% used [0x0000000081800000,0x0000000081bd2b90,0x0000000081d80000)
 Metaspace       used 7290K, capacity 8148K, committed 8448K, reserved 1056768K
  class space    used 882K, capacity 912K, committed 1024K, reserved 1048576K
}
Event: 0.728 GC heap before
{Heap before GC invocations=7 (full 2):
 PSYoungGen      total 6656K, used 5551K [0x00000000d5d80000, 0x00000000d6480000, 0x0000000100000000)
  eden space 6144K, 90% used [0x00000000d5d80000,0x00000000d62ebfc8,0x00000000d6380000)
  from space 512K, 0% used [0x00000000d6380000,0x00000000d6380000,0x00000000d6400000)
  to   space 512K, 0% used [0x00000000d6400000,0x00000000d6400000,0x00000000d6480000)
 ParOldGen       total 5632K, used 3914K [0x0000000081800000, 0x0000000081d80000, 0x00000000d5d80000)
  object space 5632K, 69% used [0x0000000081800000,0x0000000081bd2b90,0x0000000081d80000)
 Metaspace       used 7324K, capacity 8244K, committed 8448K, reserved 1056768K
  class space    used 885K, capacity 944K, committed 1024K, reserved 1048576K
Event: 0.751 GC heap after
Heap after GC invocations=7 (full 2):
 PSYoungGen      total 6656K, used 0K [0x00000000d5d80000, 0x00000000d6480000, 0x0000000100000000)
  eden space 6144K, 0% used [0x00000000d5d80000,0x00000000d5d80000,0x00000000d6380000)
  from space 512K, 0% used [0x00000000d6380000,0x00000000d6380000,0x00000000d6400000)
  to   space 512K, 0% used [0x00000000d6400000,0x00000000d6400000,0x00000000d6480000)
 ParOldGen       total 5632K, used 3851K [0x0000000081800000, 0x0000000081d80000, 0x00000000d5d80000)
  object space 5632K, 68% used [0x0000000081800000,0x0000000081bc2ce0,0x0000000081d80000)
 Metaspace       used 7324K, capacity 8244K, committed 8448K, reserved 1056768K
  class space    used 885K, capacity 944K, committed 1024K, reserved 1048576K
}
Event: 0.776 GC heap before
{Heap before GC invocations=8 (full 3):
 PSYoungGen      total 6656K, used 5036K [0x00000000d5d80000, 0x00000000d6480000, 0x0000000100000000)
  eden space 6144K, 81% used [0x00000000d5d80000,0x00000000d626b2f0,0x00000000d6380000)
  from space 512K, 0% used [0x00000000d6380000,0x00000000d6380000,0x00000000d6400000)
  to   space 512K, 0% used [0x00000000d6400000,0x00000000d6400000,0x00000000d6480000)
 ParOldGen       total 5632K, used 3851K [0x0000000081800000, 0x0000000081d80000, 0x00000000d5d80000)
  object space 5632K, 68% used [0x0000000081800000,0x0000000081bc2ce0,0x0000000081d80000)
 Metaspace       used 7324K, capacity 8244K, committed 8448K, reserved 1056768K
  class space    used 885K, capacity 944K, committed 1024K, reserved 1048576K
Event: 0.785 GC heap after
Heap after GC invocations=8 (full 3):
 PSYoungGen      total 6656K, used 0K [0x00000000d5d80000, 0x00000000d6480000, 0x0000000100000000)
  eden space 6144K, 0% used [0x00000000d5d80000,0x00000000d5d80000,0x00000000d6380000)
  from space 512K, 0% used [0x00000000d6380000,0x00000000d6380000,0x00000000d6400000)
  to   space 512K, 0% used [0x00000000d6400000,0x00000000d6400000,0x00000000d6480000)
 ParOldGen       total 5632K, used 5499K [0x0000000081800000, 0x0000000081d80000, 0x00000000d5d80000)
  object space 5632K, 97% used [0x0000000081800000,0x0000000081d5ef18,0x0000000081d80000)
 Metaspace       used 7324K, capacity 8244K, committed 8448K, reserved 1056768K
  class space    used 885K, capacity 944K, committed 1024K, reserved 1048576K
}
Event: 0.817 GC heap before
{Heap before GC invocations=9 (full 4):
 PSYoungGen      total 6656K, used 6144K [0x00000000d5d80000, 0x00000000d6480000, 0x0000000100000000)
  eden space 6144K, 100% used [0x00000000d5d80000,0x00000000d6380000,0x00000000d6380000)
  from space 512K, 0% used [0x00000000d6380000,0x00000000d6380000,0x00000000d6400000)
  to   space 512K, 0% used [0x00000000d6400000,0x00000000d6400000,0x00000000d6480000)
 ParOldGen       total 5632K, used 5499K [0x0000000081800000, 0x0000000081d80000, 0x00000000d5d80000)
  object space 5632K, 97% used [0x0000000081800000,0x0000000081d5ef18,0x0000000081d80000)
 Metaspace       used 7346K, capacity 8244K, committed 8448K, reserved 1056768K
  class space    used 890K, capacity 944K, committed 1024K, reserved 1048576K
Event: 0.838 GC heap after
Heap after GC invocations=9 (full 4):
 PSYoungGen      total 6656K, used 1298K [0x00000000d5d80000, 0x00000000d6480000, 0x0000000100000000)
  eden space 6144K, 21% used [0x00000000d5d80000,0x00000000d5ec4880,0x00000000d6380000)
  from space 512K, 0% used [0x00000000d6380000,0x00000000d6380000,0x00000000d6400000)
  to   space 512K, 0% used [0x00000000d6400000,0x00000000d6400000,0x00000000d6480000)
 ParOldGen       total 5632K, used 5561K [0x0000000081800000, 0x0000000081d80000, 0x00000000d5d80000)
  object space 5632K, 98% used [0x0000000081800000,0x0000000081d6e7f8,0x0000000081d80000)
 Metaspace       used 7346K, capacity 8244K, committed 8448K, reserved 1056768K
  class space    used 890K, capacity 944K, committed 1024K, reserved 1048576K
}
Event: 0.858 GC heap before
{Heap before GC invocations=10 (full 5):
 PSYoungGen      total 6656K, used 5960K [0x00000000d5d80000, 0x00000000d6480000, 0x0000000100000000)
  eden space 6144K, 97% used [0x00000000d5d80000,0x00000000d63521d0,0x00000000d6380000)
  from space 512K, 0% used [0x00000000d6380000,0x00000000d6380000,0x00000000d6400000)
  to   space 512K, 0% used [0x00000000d6400000,0x00000000d6400000,0x00000000d6480000)
 ParOldGen       total 5632K, used 5561K [0x0000000081800000, 0x0000000081d80000, 0x00000000d5d80000)
  object space 5632K, 98% used [0x0000000081800000,0x0000000081d6e7f8,0x0000000081d80000)
 Metaspace       used 7346K, capacity 8244K, committed 8448K, reserved 1056768K
  class space    used 890K, capacity 944K, committed 1024K, reserved 1048576K

